<?xml version='1.0' encoding='UTF-8' ?>
<testsuite name="com.example.grutor.ExampleInstrumentedTest" tests="1" failures="0" errors="0" skipped="0" time="73.143" timestamp="2022-06-21T16:59:27" hostname="localhost">
  <properties>
    <property name="device" value="Pixel_3_XL_API_32(AVD) - 12" />
    <property name="flavor" value="" />
    <property name="project" value=":app" />
  </properties>
  <testcase name="useAppContext" classname="com.example.grutor.ExampleInstrumentedTest" time="0.008" />
</testsuite>